[0.468s] Invoking command in '/home/oubre/homebot_ws/build/homebot': PYTHONPATH=/home/oubre/homebot_ws/build/homebot/prefix_override:/home/oubre/homebot_ws/install/homebot/lib/python3.10/site-packages:${PYTHONPATH} /usr/bin/python3 setup.py develop --editable --build-directory /home/oubre/homebot_ws/build/homebot/build --no-deps install_data
[0.688s] running develop
[0.688s] /usr/lib/python3/dist-packages/setuptools/command/easy_install.py:158: EasyInstallDeprecationWarning: easy_install command is deprecated. Use build and pip and other standards-based tools.
[0.688s]   warnings.warn(
[0.689s] /usr/lib/python3/dist-packages/setuptools/command/install.py:34: SetuptoolsDeprecationWarning: setup.py install is deprecated. Use build and pip and other standards-based tools.
[0.689s]   warnings.warn(
[0.746s] /usr/lib/python3/dist-packages/pkg_resources/__init__.py:116: PkgResourcesDeprecationWarning: 1.1build1 is an invalid version and will not be supported in a future release
[0.746s]   warnings.warn(
[0.746s] /usr/lib/python3/dist-packages/pkg_resources/__init__.py:116: PkgResourcesDeprecationWarning: 0.1.43ubuntu1 is an invalid version and will not be supported in a future release
[0.746s]   warnings.warn(
[0.855s] running egg_info
[0.855s] writing homebot.egg-info/PKG-INFO
[0.855s] writing dependency_links to homebot.egg-info/dependency_links.txt
[0.855s] writing entry points to homebot.egg-info/entry_points.txt
[0.855s] writing requirements to homebot.egg-info/requires.txt
[0.855s] writing top-level names to homebot.egg-info/top_level.txt
[0.856s] reading manifest file 'homebot.egg-info/SOURCES.txt'
[0.857s] writing manifest file 'homebot.egg-info/SOURCES.txt'
[0.858s] running build_ext
[0.858s] Creating /home/oubre/homebot_ws/install/homebot/lib/python3.10/site-packages/homebot.egg-link (link to .)
[0.858s] 
[0.859s] Installed /home/oubre/homebot_ws/build/homebot
[0.859s] running install_data
[0.859s] copying package.xml -> /home/oubre/homebot_ws/install/homebot/share/homebot
[0.859s] error: can't copy 'state_pub.launch.py': doesn't exist or not a regular file
[0.859s] creating /home/oubre/homebot_ws/install/homebot/share/homebot/launch
[0.878s] Invoked command in '/home/oubre/homebot_ws/build/homebot' returned '1': PYTHONPATH=/home/oubre/homebot_ws/build/homebot/prefix_override:/home/oubre/homebot_ws/install/homebot/lib/python3.10/site-packages:${PYTHONPATH} /usr/bin/python3 setup.py develop --editable --build-directory /home/oubre/homebot_ws/build/homebot/build --no-deps install_data
