running develop
/usr/lib/python3/dist-packages/setuptools/command/easy_install.py:158: EasyInstallDeprecationWarning: easy_install command is deprecated. Use build and pip and other standards-based tools.
  warnings.warn(
/usr/lib/python3/dist-packages/setuptools/command/install.py:34: SetuptoolsDeprecationWarning: setup.py install is deprecated. Use build and pip and other standards-based tools.
  warnings.warn(
/usr/lib/python3/dist-packages/pkg_resources/__init__.py:116: PkgResourcesDeprecationWarning: 1.1build1 is an invalid version and will not be supported in a future release
  warnings.warn(
/usr/lib/python3/dist-packages/pkg_resources/__init__.py:116: PkgResourcesDeprecationWarning: 0.1.43ubuntu1 is an invalid version and will not be supported in a future release
  warnings.warn(
running egg_info
writing homebot.egg-info/PKG-INFO
writing dependency_links to homebot.egg-info/dependency_links.txt
writing entry points to homebot.egg-info/entry_points.txt
writing requirements to homebot.egg-info/requires.txt
writing top-level names to homebot.egg-info/top_level.txt
reading manifest file 'homebot.egg-info/SOURCES.txt'
writing manifest file 'homebot.egg-info/SOURCES.txt'
running build_ext
Creating /home/oubre/homebot_ws/install/homebot/lib/python3.10/site-packages/homebot.egg-link (link to .)

Installed /home/oubre/homebot_ws/build/homebot
running install_data
creating /home/oubre/homebot_ws/install/homebot/share/homebot/urdf
copying urdf/homebot.urdf.xacro -> /home/oubre/homebot_ws/install/homebot/share/homebot/urdf
