running develop
running egg_info
creating homebot.egg-info
writing homebot.egg-info/PKG-INFO
writing dependency_links to homebot.egg-info/dependency_links.txt
writing entry points to homebot.egg-info/entry_points.txt
writing requirements to homebot.egg-info/requires.txt
writing top-level names to homebot.egg-info/top_level.txt
writing manifest file 'homebot.egg-info/SOURCES.txt'
reading manifest file 'homebot.egg-info/SOURCES.txt'
writing manifest file 'homebot.egg-info/SOURCES.txt'
running build_ext
Creating /home/oubre/homebot_ws/install/homebot/lib/python3.10/site-packages/homebot.egg-link (link to .)

Installed /home/oubre/homebot_ws/build/homebot
running install_data
creating /home/oubre/homebot_ws/install/homebot/share/ament_index
creating /home/oubre/homebot_ws/install/homebot/share/ament_index/resource_index
creating /home/oubre/homebot_ws/install/homebot/share/ament_index/resource_index/packages
copying resource/homebot -> /home/oubre/homebot_ws/install/homebot/share/ament_index/resource_index/packages
copying package.xml -> /home/oubre/homebot_ws/install/homebot/share/homebot
