[0.488s] Invoking command in '/home/oubre/homebot_ws/build/homebot': PYTHONPATH=/home/oubre/homebot_ws/build/homebot/prefix_override:/home/oubre/homebot_ws/install/homebot/lib/python3.10/site-packages:${PYTHONPATH} /usr/bin/python3 setup.py develop --editable --build-directory /home/oubre/homebot_ws/build/homebot/build --no-deps install_data
[0.686s] running develop
[0.686s] /usr/lib/python3/dist-packages/setuptools/command/easy_install.py:158: EasyInstallDeprecationWarning: easy_install command is deprecated. Use build and pip and other standards-based tools.
[0.686s]   warnings.warn(
[0.686s] /usr/lib/python3/dist-packages/setuptools/command/install.py:34: SetuptoolsDeprecationWarning: setup.py install is deprecated. Use build and pip and other standards-based tools.
[0.687s]   warnings.warn(
[0.736s] /usr/lib/python3/dist-packages/pkg_resources/__init__.py:116: PkgResourcesDeprecationWarning: 1.1build1 is an invalid version and will not be supported in a future release
[0.736s]   warnings.warn(
[0.736s] /usr/lib/python3/dist-packages/pkg_resources/__init__.py:116: PkgResourcesDeprecationWarning: 0.1.43ubuntu1 is an invalid version and will not be supported in a future release
[0.736s]   warnings.warn(
[0.831s] running egg_info
[0.831s] writing homebot.egg-info/PKG-INFO
[0.831s] writing dependency_links to homebot.egg-info/dependency_links.txt
[0.831s] writing entry points to homebot.egg-info/entry_points.txt
[0.831s] writing requirements to homebot.egg-info/requires.txt
[0.831s] writing top-level names to homebot.egg-info/top_level.txt
[0.832s] reading manifest file 'homebot.egg-info/SOURCES.txt'
[0.833s] writing manifest file 'homebot.egg-info/SOURCES.txt'
[0.834s] running build_ext
[0.834s] Creating /home/oubre/homebot_ws/install/homebot/lib/python3.10/site-packages/homebot.egg-link (link to .)
[0.835s] 
[0.835s] Installed /home/oubre/homebot_ws/build/homebot
[0.835s] running install_data
[0.835s] copying urdf/homebot_core.xacro -> /home/oubre/homebot_ws/install/homebot/share/homebot/urdf
[0.854s] Invoked command in '/home/oubre/homebot_ws/build/homebot' returned '0': PYTHONPATH=/home/oubre/homebot_ws/build/homebot/prefix_override:/home/oubre/homebot_ws/install/homebot/lib/python3.10/site-packages:${PYTHONPATH} /usr/bin/python3 setup.py develop --editable --build-directory /home/oubre/homebot_ws/build/homebot/build --no-deps install_data
